Using pre-set license
Built from '2021.1/staging' branch; Version is '2021.1.23f1 (b50729e604a9) revision 11863849'; Using compiler version '192528614'; Build Type 'Release'
OS: 'Windows 10 Pro; OS build 19043.1266; Version 2009; 64bit' Language: 'en' Physical Memory: 16106 MB
BatchMode: 1, IsHumanControllingUs: 0, StartBugReporterOnCrash: 0, Is64bit: 1, IsPro: 0

COMMAND LINE ARGUMENTS:
C:\Program Files\Unity\Hub\Editor\2021.1.23f1\Editor\Unity.exe
-adb2
-batchMode
-noUpm
-name
AssetImportWorker0
-projectPath
D:/Article 2 Repository/Source Code/Article 2 GT/SRSA-GT - Copy/SRSA-GT
-logFile
Logs/AssetImportWorker0.log
-srvPort
63579
Successfully changed project path to: D:/Article 2 Repository/Source Code/Article 2 GT/SRSA-GT - Copy/SRSA-GT
D:/Article 2 Repository/Source Code/Article 2 GT/SRSA-GT - Copy/SRSA-GT
Using Asset Import Pipeline V2.
Refreshing native plugins compatible for Editor in 105.29 ms, found 3 plugins.
Preloading 0 native plugins for Editor in 0.00 ms.
Initialize engine version: 2021.1.23f1 (b50729e604a9)
[Subsystems] Discovering subsystems at path C:/Program Files/Unity/Hub/Editor/2021.1.23f1/Editor/Data/Resources/UnitySubsystems
[Subsystems] Discovering subsystems at path D:/Article 2 Repository/Source Code/Article 2 GT/SRSA-GT - Copy/SRSA-GT/Assets
GfxDevice: creating device client; threaded=0; jobified=0
Direct3D:
    Version:  Direct3D 11.0 [level 11.1]
    Renderer: NVIDIA GeForce MX450 (ID=0x1f98)
    Vendor:   NVIDIA
    VRAM:     1928 MB
    Driver:   27.21.14.6209
Initialize mono
Mono path[0] = 'C:/Program Files/Unity/Hub/Editor/2021.1.23f1/Editor/Data/Managed'
Mono path[1] = 'C:/Program Files/Unity/Hub/Editor/2021.1.23f1/Editor/Data/MonoBleedingEdge/lib/mono/unityjit'
Mono config path = 'C:/Program Files/Unity/Hub/Editor/2021.1.23f1/Editor/Data/MonoBleedingEdge/etc'
Using monoOptions --debugger-agent=transport=dt_socket,embedding=1,server=y,suspend=n,address=127.0.0.1:56452
Begin MonoManager ReloadAssembly
Registering precompiled unity dll's ...
Register platform support module: C:/Program Files/Unity/Hub/Editor/2021.1.23f1/Editor/Data/PlaybackEngines/WindowsStandaloneSupport/UnityEditor.WindowsStandalone.Extensions.dll
Registered in 0.001165 seconds.
Native extension for WindowsStandalone target not found
Refreshing native plugins compatible for Editor in 84.19 ms, found 3 plugins.
Preloading 0 native plugins for Editor in 0.00 ms.
Mono: successfully reloaded assembly
- Completed reload, in  0.866 seconds
Domain Reload Profiling:
	ReloadAssembly (866ms)
		BeginReloadAssembly (52ms)
			ExecutionOrderSort (0ms)
			DisableScriptedObjects (0ms)
			BackupInstance (0ms)
			ReleaseScriptingObjects (0ms)
			CreateAndSetChildDomain (1ms)
		EndReloadAssembly (335ms)
			LoadAssemblies (50ms)
			RebuildTransferFunctionScriptingTraits (0ms)
			SetupTypeCache (104ms)
			ReleaseScriptCaches (0ms)
			RebuildScriptCaches (22ms)
			SetupLoadedEditorAssemblies (178ms)
				LogAssemblyErrors (0ms)
				InitializePlatformSupportModulesInManaged (4ms)
				SetLoadedEditorAssemblies (0ms)
				RefreshPlugins (84ms)
				BeforeProcessingInitializeOnLoad (1ms)
				ProcessInitializeOnLoadAttributes (67ms)
				ProcessInitializeOnLoadMethodAttributes (22ms)
				AfterProcessingInitializeOnLoad (0ms)
				EditorAssembliesLoaded (0ms)
			ExecutionOrderSort2 (0ms)
			AwakeInstancesAfterBackupRestoration (0ms)
Platform modules already initialized, skipping
Registering precompiled user dll's ...
Registered in 0.003321 seconds.
Begin MonoManager ReloadAssembly
Symbol file LoadedFromMemory doesn't match image D:\Article 2 Repository\Source Code\Article 2 GT\SRSA-GT - Copy\SRSA-GT\Library\PackageCache\com.unity.visualscripting@1.6.1\Editor\VisualScripting.Core\Dependencies\DotNetZip\Unity.VisualScripting.IonicZip.dll
Symbol file LoadedFromMemory doesn't match image D:\Article 2 Repository\Source Code\Article 2 GT\SRSA-GT - Copy\SRSA-GT\Library\PackageCache\com.unity.visualscripting@1.6.1\Editor\VisualScripting.Core\Dependencies\YamlDotNet\Unity.VisualScripting.YamlDotNet.dll
Native extension for WindowsStandalone target not found
Refreshing native plugins compatible for Editor in 0.86 ms, found 3 plugins.
Preloading 0 native plugins for Editor in 0.00 ms.
Mono: successfully reloaded assembly
- Completed reload, in  0.836 seconds
Domain Reload Profiling:
	ReloadAssembly (836ms)
		BeginReloadAssembly (104ms)
			ExecutionOrderSort (0ms)
			DisableScriptedObjects (3ms)
			BackupInstance (0ms)
			ReleaseScriptingObjects (0ms)
			CreateAndSetChildDomain (16ms)
		EndReloadAssembly (693ms)
			LoadAssemblies (70ms)
			RebuildTransferFunctionScriptingTraits (0ms)
			SetupTypeCache (238ms)
			ReleaseScriptCaches (0ms)
			RebuildScriptCaches (34ms)
			SetupLoadedEditorAssemblies (296ms)
				LogAssemblyErrors (0ms)
				InitializePlatformSupportModulesInManaged (3ms)
				SetLoadedEditorAssemblies (0ms)
				RefreshPlugins (1ms)
				BeforeProcessingInitializeOnLoad (65ms)
				ProcessInitializeOnLoadAttributes (183ms)
				ProcessInitializeOnLoadMethodAttributes (39ms)
				AfterProcessingInitializeOnLoad (4ms)
				EditorAssembliesLoaded (0ms)
			ExecutionOrderSort2 (0ms)
			AwakeInstancesAfterBackupRestoration (4ms)
Platform modules already initialized, skipping
========================================================================
Worker process is ready to serve import requests
Launched and connected shader compiler UnityShaderCompiler.exe after 0.03 seconds
Refreshing native plugins compatible for Editor in 0.88 ms, found 3 plugins.
Preloading 0 native plugins for Editor in 0.00 ms.
Unloading 3651 Unused Serialized files (Serialized files now loaded: 0)
System memory in use before: 134.7 MB.
System memory in use after: 134.5 MB.

Unloading 66 unused Assets to reduce memory usage. Loaded Objects now: 4071.
Total: 4.593600 ms (FindLiveObjects: 0.198000 ms CreateObjectMapping: 0.086600 ms MarkObjects: 4.140200 ms  DeleteObjects: 0.168200 ms)

AssetImportParameters requested are different than current active one (requested -> active):
  custom:framework-win-MediaFoundation: 216162199b28c13a410421893ffa2e32 -> 
  custom:video-decoder-ogg-theora: a1e56fd34408186e4bbccfd4996cb3dc -> 
  custom:container-muxer-webm: aa71ff27fc2769a1b78a27578f13a17b -> 
  custom:container-demuxer-webm: 4f35f7cbe854078d1ac9338744f61a02 -> 
  custom:container-demuxer-ogg: 62fdf1f143b41e24485cea50d1cbac27 -> 
  custom:video-encoder-webm-vp8: eb34c28f22e8b96e1ab97ce403110664 -> 
  custom:video-codec-MediaFoundation-h265: 746d11721c4dcdbdad8f713fa42b33f4 -> 
  custom:video-decoder-webm-vp8: 9c59270c3fd7afecdb556c50c9e8de78 -> 
  custom:audio-decoder-ogg-vorbis: bf7c407c2cedff20999df2af8eb42d56 -> 
  custom:audio-encoder-webm-vorbis: bf7c407c2cedff20999df2af8eb42d56 -> 
========================================================================
Received Import Request.
  path: Assets/New Terrain.asset
  artifactKey: Guid(d259dd2b9862ff44394a9dd84c1522fa) Importer(815301076,1909f56bfc062723c751e8b465ee728b)
Start importing Assets/New Terrain.asset using Guid(d259dd2b9862ff44394a9dd84c1522fa) Importer(815301076,1909f56bfc062723c751e8b465ee728b)  -> (artifact id: '7dd43a9a1d23a2d352b1f13634c75ae6') in 0.020591 seconds 
========================================================================
Received Import Request.
  Time since last request: 14.244266 seconds.
  path: Assets/Scenes
  artifactKey: Guid(84fb55a3836a13946b8ef1266d857eda) Importer(815301076,1909f56bfc062723c751e8b465ee728b)
Start importing Assets/Scenes using Guid(84fb55a3836a13946b8ef1266d857eda) Importer(815301076,1909f56bfc062723c751e8b465ee728b)  -> (artifact id: '571de03bd9bf9f7bc0830b2d6ac62643') in 0.003882 seconds 
========================================================================
Received Import Request.
  Time since last request: 0.040715 seconds.
  path: Assets/Scenes/GT_TX_2.png
  artifactKey: Guid(4a2cde2e3071a9546a170169573620b2) Importer(815301076,1909f56bfc062723c751e8b465ee728b)
Start importing Assets/Scenes/GT_TX_2.png using Guid(4a2cde2e3071a9546a170169573620b2) Importer(815301076,1909f56bfc062723c751e8b465ee728b)  -> (artifact id: '88c3cc7378353dec51b98cd5787af1de') in 0.036097 seconds 
========================================================================
Received Import Request.
  Time since last request: 0.000207 seconds.
  path: Assets/Scenes/NewLayer 1.terrainlayer
  artifactKey: Guid(d4c09f8b59803c549afee3a824fa4b5b) Importer(815301076,1909f56bfc062723c751e8b465ee728b)
Start importing Assets/Scenes/NewLayer 1.terrainlayer using Guid(d4c09f8b59803c549afee3a824fa4b5b) Importer(815301076,1909f56bfc062723c751e8b465ee728b)  -> (artifact id: '278303e6eff449c79733602cfc57c0a9') in 0.024992 seconds 
========================================================================
Received Import Request.
  Time since last request: 0.000206 seconds.
  path: Assets/Scenes/Terrain S.asset
  artifactKey: Guid(c80b5ff19df12404c96861b038d04c32) Importer(815301076,1909f56bfc062723c751e8b465ee728b)
Start importing Assets/Scenes/Terrain S.asset using Guid(c80b5ff19df12404c96861b038d04c32) Importer(815301076,1909f56bfc062723c751e8b465ee728b)  -> (artifact id: '61b51a0250c54e7589639d13ec4db126') in 0.023702 seconds 
========================================================================
Received Import Request.
  Time since last request: 0.000157 seconds.
  path: Assets/Scenes/Terrain H.asset
  artifactKey: Guid(5f2419723b771dd45868fd0539c21d7a) Importer(815301076,1909f56bfc062723c751e8b465ee728b)
Start importing Assets/Scenes/Terrain H.asset using Guid(5f2419723b771dd45868fd0539c21d7a) Importer(815301076,1909f56bfc062723c751e8b465ee728b)  -> (artifact id: 'a58b691b3d23335b06d56e0cc9701878') in 0.020698 seconds 
========================================================================
Received Import Request.
  Time since last request: 0.000146 seconds.
  path: Assets/Scenes/NewLayer 3.terrainlayer
  artifactKey: Guid(33bcf613904a660449874460afa066aa) Importer(815301076,1909f56bfc062723c751e8b465ee728b)
Start importing Assets/Scenes/NewLayer 3.terrainlayer using Guid(33bcf613904a660449874460afa066aa) Importer(815301076,1909f56bfc062723c751e8b465ee728b)  -> (artifact id: 'ed245680ff697a968c19790666345497') in 0.004063 seconds 
========================================================================
Received Import Request.
  Time since last request: 0.000234 seconds.
  path: Assets/Scenes/Terrain.asset
  artifactKey: Guid(2c3b4515a885b4546954eed641cce43e) Importer(815301076,1909f56bfc062723c751e8b465ee728b)
Start importing Assets/Scenes/Terrain.asset using Guid(2c3b4515a885b4546954eed641cce43e) Importer(815301076,1909f56bfc062723c751e8b465ee728b)  -> (artifact id: '8e44ff3c0f9b4340a847772f7698c14b') in 0.016135 seconds 
========================================================================
Received Import Request.
  Time since last request: 0.000212 seconds.
  path: Assets/Scenes/NewLayer 2.terrainlayer
  artifactKey: Guid(efd1eb290d6ae724caec974c770338a2) Importer(815301076,1909f56bfc062723c751e8b465ee728b)
Start importing Assets/Scenes/NewLayer 2.terrainlayer using Guid(efd1eb290d6ae724caec974c770338a2) Importer(815301076,1909f56bfc062723c751e8b465ee728b)  -> (artifact id: '104dc79daca80ab4b017f7b107f899ef') in 0.012112 seconds 
========================================================================
Received Import Request.
  Time since last request: 0.000208 seconds.
  path: Assets/Scenes/Terrain C.asset
  artifactKey: Guid(af7d711161a963241982841b3de9fb8b) Importer(815301076,1909f56bfc062723c751e8b465ee728b)
Start importing Assets/Scenes/Terrain C.asset using Guid(af7d711161a963241982841b3de9fb8b) Importer(815301076,1909f56bfc062723c751e8b465ee728b)  -> (artifact id: 'eb83822b9adcbceb19a0657c730f2d05') in 0.020711 seconds 
========================================================================
Received Import Request.
  Time since last request: 0.000223 seconds.
  path: Assets/Scenes/Terrain U.asset
  artifactKey: Guid(591d5eabb281c664b849547f3e2fc4ad) Importer(815301076,1909f56bfc062723c751e8b465ee728b)
Start importing Assets/Scenes/Terrain U.asset using Guid(591d5eabb281c664b849547f3e2fc4ad) Importer(815301076,1909f56bfc062723c751e8b465ee728b)  -> (artifact id: '367d12fce7ef9ac1bc8edf0214599d7c') in 0.023632 seconds 
========================================================================
Received Import Request.
  Time since last request: 0.000216 seconds.
  path: Assets/Scenes/NewLayer.terrainlayer
  artifactKey: Guid(a347f44c2bb6cbe4393bb458eaecba23) Importer(815301076,1909f56bfc062723c751e8b465ee728b)
Start importing Assets/Scenes/NewLayer.terrainlayer using Guid(a347f44c2bb6cbe4393bb458eaecba23) Importer(815301076,1909f56bfc062723c751e8b465ee728b)  -> (artifact id: 'e39a1ab462dce5b4cfdfe655f45d7bcc') in 0.004795 seconds 
========================================================================
Received Import Request.
  Time since last request: 0.000143 seconds.
  path: Assets/Scenes/NewLayer 4.terrainlayer
  artifactKey: Guid(6a4d8f11aeace6e458b27a71615a8c85) Importer(815301076,1909f56bfc062723c751e8b465ee728b)
Start importing Assets/Scenes/NewLayer 4.terrainlayer using Guid(6a4d8f11aeace6e458b27a71615a8c85) Importer(815301076,1909f56bfc062723c751e8b465ee728b)  -> (artifact id: 'd1221d5491a9a5367f7dd2ea9f327c07') in 0.008527 seconds 
========================================================================
Received Import Request.
  Time since last request: 0.000217 seconds.
  path: Assets/Scenes/NewLayer 5.terrainlayer
  artifactKey: Guid(3082fae3278fa94429cd86cb167af125) Importer(815301076,1909f56bfc062723c751e8b465ee728b)
Start importing Assets/Scenes/NewLayer 5.terrainlayer using Guid(3082fae3278fa94429cd86cb167af125) Importer(815301076,1909f56bfc062723c751e8b465ee728b)  -> (artifact id: 'c42903f151a5a0a7d294eb5a9f6b0398') in 0.008589 seconds 
========================================================================
Received Import Request.
  Time since last request: 0.596702 seconds.
  path: Assets/Scenes/Menu.unity
  artifactKey: Guid(8111d08bfebcd244b8e3401269d906e4) Importer(815301076,1909f56bfc062723c751e8b465ee728b)
Start importing Assets/Scenes/Menu.unity using Guid(8111d08bfebcd244b8e3401269d906e4) Importer(815301076,1909f56bfc062723c751e8b465ee728b)  -> (artifact id: 'f5cbe60d655f6fa81b32c1d2ca5f41d3') in 0.005938 seconds 
========================================================================
Received Prepare
Registering precompiled user dll's ...
Registered in 0.004858 seconds.
Begin MonoManager ReloadAssembly
Symbol file LoadedFromMemory doesn't match image D:\Article 2 Repository\Source Code\Article 2 GT\SRSA-GT - Copy\SRSA-GT\Library\PackageCache\com.unity.visualscripting@1.6.1\Editor\VisualScripting.Core\Dependencies\DotNetZip\Unity.VisualScripting.IonicZip.dll
Symbol file LoadedFromMemory doesn't match image D:\Article 2 Repository\Source Code\Article 2 GT\SRSA-GT - Copy\SRSA-GT\Library\PackageCache\com.unity.visualscripting@1.6.1\Editor\VisualScripting.Core\Dependencies\YamlDotNet\Unity.VisualScripting.YamlDotNet.dll
Native extension for WindowsStandalone target not found
Refreshing native plugins compatible for Editor in 1.28 ms, found 3 plugins.
Preloading 0 native plugins for Editor in 0.00 ms.
Mono: successfully reloaded assembly
- Completed reload, in  0.986 seconds
Domain Reload Profiling:
	ReloadAssembly (986ms)
		BeginReloadAssembly (122ms)
			ExecutionOrderSort (0ms)
			DisableScriptedObjects (6ms)
			BackupInstance (0ms)
			ReleaseScriptingObjects (0ms)
			CreateAndSetChildDomain (45ms)
		EndReloadAssembly (822ms)
			LoadAssemblies (67ms)
			RebuildTransferFunctionScriptingTraits (0ms)
			SetupTypeCache (238ms)
			ReleaseScriptCaches (1ms)
			RebuildScriptCaches (39ms)
			SetupLoadedEditorAssemblies (345ms)
				LogAssemblyErrors (0ms)
				InitializePlatformSupportModulesInManaged (5ms)
				SetLoadedEditorAssemblies (0ms)
				RefreshPlugins (1ms)
				BeforeProcessingInitializeOnLoad (50ms)
				ProcessInitializeOnLoadAttributes (229ms)
				ProcessInitializeOnLoadMethodAttributes (53ms)
				AfterProcessingInitializeOnLoad (6ms)
				EditorAssembliesLoaded (0ms)
			ExecutionOrderSort2 (0ms)
			AwakeInstancesAfterBackupRestoration (12ms)
Platform modules already initialized, skipping
Refreshing native plugins compatible for Editor in 1.68 ms, found 3 plugins.
Preloading 0 native plugins for Editor in 0.00 ms.
Unloading 3633 Unused Serialized files (Serialized files now loaded: 0)
System memory in use before: 146.3 MB.
System memory in use after: 146.2 MB.

Unloading 57 unused Assets to reduce memory usage. Loaded Objects now: 4168.
Total: 7.270900 ms (FindLiveObjects: 0.332400 ms CreateObjectMapping: 0.157300 ms MarkObjects: 6.525800 ms  DeleteObjects: 0.254600 ms)

AssetImportParameters requested are different than current active one (requested -> active):
  custom:framework-win-MediaFoundation: 216162199b28c13a410421893ffa2e32 -> 
  custom:video-decoder-ogg-theora: a1e56fd34408186e4bbccfd4996cb3dc -> 
  custom:container-muxer-webm: aa71ff27fc2769a1b78a27578f13a17b -> 
  custom:container-demuxer-webm: 4f35f7cbe854078d1ac9338744f61a02 -> 
  custom:container-demuxer-ogg: 62fdf1f143b41e24485cea50d1cbac27 -> 
  custom:video-encoder-webm-vp8: eb34c28f22e8b96e1ab97ce403110664 -> 
  custom:video-codec-MediaFoundation-h265: 746d11721c4dcdbdad8f713fa42b33f4 -> 
  custom:video-decoder-webm-vp8: 9c59270c3fd7afecdb556c50c9e8de78 -> 
  custom:audio-decoder-ogg-vorbis: bf7c407c2cedff20999df2af8eb42d56 -> 
  custom:audio-encoder-webm-vorbis: bf7c407c2cedff20999df2af8eb42d56 -> 
AssetImportWorkerClient::OnTransportError - code=2 error=End of file
